#
# A fatal error has been detected by the Java Runtime Environment:
#
#  Internal Error (javaClasses.cpp:129), pid=7856, tid=3956
#  fatal error: Invalid layout of preloaded class
#
# JRE version: 7.0_21-b11
# Java VM: Java HotSpot(TM) 64-Bit Server VM (23.21-b01 mixed mode windows-amd64 compressed oops)
# Failed to write core dump. Minidumps are not enabled by default on client versions of Windows
#
# If you would like to submit a bug report, please visit:
#   http://bugreport.sun.com/bugreport/crash.jsp
#

---------------  T H R E A D  ---------------

Current thread (0x000000000283d800):  JavaThread "Unknown thread" [_thread_in_vm, id=3956, stack(0x0000000002920000,0x0000000002a20000)]

Stack: [0x0000000002920000,0x0000000002a20000]

---------------  P R O C E S S  ---------------

Java Threads: ( => current thread )

Other Threads:

=>0x000000000283d800 (exited) JavaThread "Unknown thread" [_thread_in_vm, id=3956, stack(0x0000000002920000,0x0000000002a20000)]

VM state:not at safepoint (not fully initialized)

VM Mutex/Monitor currently owned by a thread: None

GC Heap History (0 events):
No events

Deoptimization events (0 events):
No events

Internal exceptions (0 events):
No events

Events (10 events):
Event: 0.012 loading class 0x0000000002a32080 done
Event: 0.012 loading class 0x0000000002a31f60 done
Event: 0.012 loading class 0x0000000002a31bd0
Event: 0.013 loading class 0x0000000002a6fcf0
Event: 0.013 loading class 0x0000000002a6fcf0 done
Event: 0.013 loading class 0x0000000002a6fdf0
Event: 0.013 loading class 0x0000000002a6fdf0 done
Event: 0.013 loading class 0x0000000008be0c00
Event: 0.013 loading class 0x0000000008be0c00 done
Event: 0.013 loading class 0x0000000002a31bd0 done


Dynamic libraries:
0x000007f7e3260000 - 0x000007f7e3293000 	C:\Program Files\Java\jre7\bin\javaw.exe
0x000007fd14ab0000 - 0x000007fd14c70000 	C:\Windows\SYSTEM32\ntdll.dll
0x000007fd124a0000 - 0x000007fd125d7000 	C:\Windows\system32\KERNEL32.DLL
0x000007fd11bf0000 - 0x000007fd11ce4000 	C:\Windows\system32\KERNELBASE.dll
0x000007fd127b0000 - 0x000007fd1288e000 	C:\Windows\system32\ADVAPI32.dll
0x000007fd14960000 - 0x000007fd14aac000 	C:\Windows\system32\USER32.dll
0x000007fd0ef20000 - 0x000007fd0f18a000 	C:\Windows\WinSxS\amd64_microsoft.windows.common-controls_6595b64144ccf1df_6.0.9200.16579_none_418ab7ef718b27ef\COMCTL32.dll
0x000007fd12b20000 - 0x000007fd12bc5000 	C:\Windows\system32\msvcrt.dll
0x000007fd14910000 - 0x000007fd14958000 	C:\Windows\SYSTEM32\sechost.dll
0x000007fd131e0000 - 0x000007fd13325000 	C:\Windows\system32\RPCRT4.dll
0x000007fd12d90000 - 0x000007fd12ed1000 	C:\Windows\system32\GDI32.dll
0x000007fd121e0000 - 0x000007fd12219000 	C:\Windows\system32\IMM32.DLL
0x000007fd12f00000 - 0x000007fd13016000 	C:\Windows\system32\MSCTF.dll
0x00000000644f0000 - 0x00000000645c1000 	C:\Program Files\Java\jre7\bin\msvcr100.dll
0x0000000063dc0000 - 0x00000000644e1000 	C:\Program Files\Java\jre7\bin\server\jvm.dll
0x000007fd060c0000 - 0x000007fd060c9000 	C:\Windows\SYSTEM32\WSOCK32.dll
0x000007fd095e0000 - 0x000007fd09600000 	C:\Windows\SYSTEM32\WINMM.dll
0x000007fd14710000 - 0x000007fd14717000 	C:\Windows\system32\PSAPI.DLL
0x000007fd13180000 - 0x000007fd131d8000 	C:\Windows\system32\WS2_32.dll
0x000007fd08b40000 - 0x000007fd08b73000 	C:\Windows\SYSTEM32\WINMMBASE.dll
0x000007fd12bd0000 - 0x000007fd12bd9000 	C:\Windows\system32\NSI.dll
0x000007fd11cf0000 - 0x000007fd11d3f000 	C:\Windows\SYSTEM32\cfgmgr32.dll
0x000007fd11dc0000 - 0x000007fd11de2000 	C:\Windows\system32\DEVOBJ.dll
0x0000000063db0000 - 0x0000000063dbf000 	C:\Program Files\Java\jre7\bin\verify.dll
0x0000000063d80000 - 0x0000000063da8000 	C:\Program Files\Java\jre7\bin\java.dll
0x0000000063d60000 - 0x0000000063d75000 	C:\Program Files\Java\jre7\bin\zip.dll

VM Arguments:
jvm_args: -Dfile.encoding=Cp1252 -Xbootclasspath:E:\Study\Android\Tools\adt-bundle-windows-x86_64-20130729\sdk\platforms\android-18\android.jar 
java_command: com.iti.jets.carpoolingV1.pojos.test
Launcher Type: SUN_STANDARD

Environment Variables:
JAVA_HOME=C:\Program Files\Java\jdk1.7.0_21\jre\bin
JRE_HOME=C:\Program Files\Java\jdk1.7.0_21\jre
PATH=C:\Program Files (x86)\Java\jdk1.7.0_13\binC:\Users\Mo5a\bin\Sencha\Cmd\4.0.4.84;C:\Windows\system32;C:\Windows;C:\Windows\System32\Wbem;C:\Windows\System32\WindowsPowerShell\v1.0\;C:\Program Files\Java\jdk1.7.0_21\bin
USERNAME=Mo5a
OS=Windows_NT
PROCESSOR_IDENTIFIER=Intel64 Family 6 Model 37 Stepping 2, GenuineIntel



---------------  S Y S T E M  ---------------

OS: Windows 8 , 64 bit Build 9200 

CPU:total 4 (2 cores per cpu, 2 threads per core) family 6 model 37 stepping 2, cmov, cx8, fxsr, mmx, sse, sse2, sse3, ssse3, sse4.1, sse4.2, popcnt, ht, tsc, tscinvbit

Memory: 4k page, physical 3987308k(890860k free), swap 8050540k(2983708k free)

vm_info: Java HotSpot(TM) 64-Bit Server VM (23.21-b01) for windows-amd64 JRE (1.7.0_21-b11), built on Apr  4 2013 08:11:28 by "java_re" with unknown MS VC++:1600

time: Tue Jun 03 15:16:00 2014
elapsed time: 0 seconds

